[30-Apr-2026 20:11:07 Europe/Berlin] Database credentials missing in environment variables
[30-Apr-2026 20:11:07 Europe/Berlin] Bookings error: Database configuration error. Please check environment variables.
[30-Apr-2026 20:11:09 Europe/Berlin] [Settings API] Settings updated successfully
[30-Apr-2026 20:19:47 Europe/Berlin] PHP Deprecated:  htmlspecialchars(): Passing null to parameter #1 ($string) of type string is deprecated in C:\xampp\htdocs\CSNExplore\index.php on line 927
[30-Apr-2026 20:19:47 Europe/Berlin] PHP Deprecated:  htmlspecialchars(): Passing null to parameter #1 ($string) of type string is deprecated in C:\xampp\htdocs\CSNExplore\index.php on line 927
[30-Apr-2026 20:19:47 Europe/Berlin] PHP Deprecated:  htmlspecialchars(): Passing null to parameter #1 ($string) of type string is deprecated in C:\xampp\htdocs\CSNExplore\index.php on line 927
[30-Apr-2026 20:19:47 Europe/Berlin] PHP Deprecated:  htmlspecialchars(): Passing null to parameter #1 ($string) of type string is deprecated in C:\xampp\htdocs\CSNExplore\index.php on line 927
[30-Apr-2026 20:19:47 Europe/Berlin] PHP Deprecated:  htmlspecialchars(): Passing null to parameter #1 ($string) of type string is deprecated in C:\xampp\htdocs\CSNExplore\index.php on line 927
[30-Apr-2026 20:19:47 Europe/Berlin] PHP Deprecated:  htmlspecialchars(): Passing null to parameter #1 ($string) of type string is deprecated in C:\xampp\htdocs\CSNExplore\index.php on line 927
[30-Apr-2026 20:19:47 Europe/Berlin] PHP Deprecated:  htmlspecialchars(): Passing null to parameter #1 ($string) of type string is deprecated in C:\xampp\htdocs\CSNExplore\index.php on line 927
[30-Apr-2026 20:19:47 Europe/Berlin] PHP Deprecated:  htmlspecialchars(): Passing null to parameter #1 ($string) of type string is deprecated in C:\xampp\htdocs\CSNExplore\index.php on line 927
[30-Apr-2026 20:19:47 Europe/Berlin] PHP Deprecated:  htmlspecialchars(): Passing null to parameter #1 ($string) of type string is deprecated in C:\xampp\htdocs\CSNExplore\index.php on line 927
[30-Apr-2026 20:19:47 Europe/Berlin] PHP Deprecated:  htmlspecialchars(): Passing null to parameter #1 ($string) of type string is deprecated in C:\xampp\htdocs\CSNExplore\index.php on line 927
[30-Apr-2026 20:19:47 Europe/Berlin] PHP Deprecated:  htmlspecialchars(): Passing null to parameter #1 ($string) of type string is deprecated in C:\xampp\htdocs\CSNExplore\index.php on line 927
[30-Apr-2026 20:19:47 Europe/Berlin] PHP Deprecated:  htmlspecialchars(): Passing null to parameter #1 ($string) of type string is deprecated in C:\xampp\htdocs\CSNExplore\index.php on line 927
[30-Apr-2026 20:19:55 Europe/Berlin] PHP Deprecated:  htmlspecialchars(): Passing null to parameter #1 ($string) of type string is deprecated in C:\xampp\htdocs\CSNExplore\index.php on line 927
[30-Apr-2026 20:19:55 Europe/Berlin] PHP Deprecated:  htmlspecialchars(): Passing null to parameter #1 ($string) of type string is deprecated in C:\xampp\htdocs\CSNExplore\index.php on line 927
[30-Apr-2026 20:19:55 Europe/Berlin] PHP Deprecated:  htmlspecialchars(): Passing null to parameter #1 ($string) of type string is deprecated in C:\xampp\htdocs\CSNExplore\index.php on line 927
[30-Apr-2026 20:19:55 Europe/Berlin] PHP Deprecated:  htmlspecialchars(): Passing null to parameter #1 ($string) of type string is deprecated in C:\xampp\htdocs\CSNExplore\index.php on line 927
[30-Apr-2026 20:19:55 Europe/Berlin] PHP Deprecated:  htmlspecialchars(): Passing null to parameter #1 ($string) of type string is deprecated in C:\xampp\htdocs\CSNExplore\index.php on line 927
[30-Apr-2026 20:19:55 Europe/Berlin] PHP Deprecated:  htmlspecialchars(): Passing null to parameter #1 ($string) of type string is deprecated in C:\xampp\htdocs\CSNExplore\index.php on line 927
[30-Apr-2026 20:19:55 Europe/Berlin] PHP Deprecated:  htmlspecialchars(): Passing null to parameter #1 ($string) of type string is deprecated in C:\xampp\htdocs\CSNExplore\index.php on line 927
[30-Apr-2026 20:19:55 Europe/Berlin] PHP Deprecated:  htmlspecialchars(): Passing null to parameter #1 ($string) of type string is deprecated in C:\xampp\htdocs\CSNExplore\index.php on line 927
[30-Apr-2026 20:19:55 Europe/Berlin] PHP Deprecated:  htmlspecialchars(): Passing null to parameter #1 ($string) of type string is deprecated in C:\xampp\htdocs\CSNExplore\index.php on line 927
[30-Apr-2026 20:19:55 Europe/Berlin] PHP Deprecated:  htmlspecialchars(): Passing null to parameter #1 ($string) of type string is deprecated in C:\xampp\htdocs\CSNExplore\index.php on line 927
[30-Apr-2026 20:19:55 Europe/Berlin] PHP Deprecated:  htmlspecialchars(): Passing null to parameter #1 ($string) of type string is deprecated in C:\xampp\htdocs\CSNExplore\index.php on line 927
[30-Apr-2026 20:19:55 Europe/Berlin] PHP Deprecated:  htmlspecialchars(): Passing null to parameter #1 ($string) of type string is deprecated in C:\xampp\htdocs\CSNExplore\index.php on line 927
[30-Apr-2026 20:20:00 Europe/Berlin] PHP Deprecated:  htmlspecialchars(): Passing null to parameter #1 ($string) of type string is deprecated in C:\xampp\htdocs\CSNExplore\index.php on line 927
[30-Apr-2026 20:20:00 Europe/Berlin] PHP Deprecated:  htmlspecialchars(): Passing null to parameter #1 ($string) of type string is deprecated in C:\xampp\htdocs\CSNExplore\index.php on line 927
[30-Apr-2026 20:20:00 Europe/Berlin] PHP Deprecated:  htmlspecialchars(): Passing null to parameter #1 ($string) of type string is deprecated in C:\xampp\htdocs\CSNExplore\index.php on line 927
[30-Apr-2026 20:20:00 Europe/Berlin] PHP Deprecated:  htmlspecialchars(): Passing null to parameter #1 ($string) of type string is deprecated in C:\xampp\htdocs\CSNExplore\index.php on line 927
[30-Apr-2026 20:20:00 Europe/Berlin] PHP Deprecated:  htmlspecialchars(): Passing null to parameter #1 ($string) of type string is deprecated in C:\xampp\htdocs\CSNExplore\index.php on line 927
[30-Apr-2026 20:20:00 Europe/Berlin] PHP Deprecated:  htmlspecialchars(): Passing null to parameter #1 ($string) of type string is deprecated in C:\xampp\htdocs\CSNExplore\index.php on line 927
[30-Apr-2026 20:20:00 Europe/Berlin] PHP Deprecated:  htmlspecialchars(): Passing null to parameter #1 ($string) of type string is deprecated in C:\xampp\htdocs\CSNExplore\index.php on line 927
[30-Apr-2026 20:20:00 Europe/Berlin] PHP Deprecated:  htmlspecialchars(): Passing null to parameter #1 ($string) of type string is deprecated in C:\xampp\htdocs\CSNExplore\index.php on line 927
[30-Apr-2026 20:20:00 Europe/Berlin] PHP Deprecated:  htmlspecialchars(): Passing null to parameter #1 ($string) of type string is deprecated in C:\xampp\htdocs\CSNExplore\index.php on line 927
[30-Apr-2026 20:20:00 Europe/Berlin] PHP Deprecated:  htmlspecialchars(): Passing null to parameter #1 ($string) of type string is deprecated in C:\xampp\htdocs\CSNExplore\index.php on line 927
[30-Apr-2026 20:20:00 Europe/Berlin] PHP Deprecated:  htmlspecialchars(): Passing null to parameter #1 ($string) of type string is deprecated in C:\xampp\htdocs\CSNExplore\index.php on line 927
[30-Apr-2026 20:20:00 Europe/Berlin] PHP Deprecated:  htmlspecialchars(): Passing null to parameter #1 ($string) of type string is deprecated in C:\xampp\htdocs\CSNExplore\index.php on line 927
[30-Apr-2026 20:20:05 Europe/Berlin] PHP Deprecated:  htmlspecialchars(): Passing null to parameter #1 ($string) of type string is deprecated in C:\xampp\htdocs\CSNExplore\index.php on line 927
[30-Apr-2026 20:20:05 Europe/Berlin] PHP Deprecated:  htmlspecialchars(): Passing null to parameter #1 ($string) of type string is deprecated in C:\xampp\htdocs\CSNExplore\index.php on line 927
[30-Apr-2026 20:20:05 Europe/Berlin] PHP Deprecated:  htmlspecialchars(): Passing null to parameter #1 ($string) of type string is deprecated in C:\xampp\htdocs\CSNExplore\index.php on line 927
[30-Apr-2026 20:20:05 Europe/Berlin] PHP Deprecated:  htmlspecialchars(): Passing null to parameter #1 ($string) of type string is deprecated in C:\xampp\htdocs\CSNExplore\index.php on line 927
[30-Apr-2026 20:20:05 Europe/Berlin] PHP Deprecated:  htmlspecialchars(): Passing null to parameter #1 ($string) of type string is deprecated in C:\xampp\htdocs\CSNExplore\index.php on line 927
[30-Apr-2026 20:20:05 Europe/Berlin] PHP Deprecated:  htmlspecialchars(): Passing null to parameter #1 ($string) of type string is deprecated in C:\xampp\htdocs\CSNExplore\index.php on line 927
[30-Apr-2026 20:20:05 Europe/Berlin] PHP Deprecated:  htmlspecialchars(): Passing null to parameter #1 ($string) of type string is deprecated in C:\xampp\htdocs\CSNExplore\index.php on line 927
[30-Apr-2026 20:20:05 Europe/Berlin] PHP Deprecated:  htmlspecialchars(): Passing null to parameter #1 ($string) of type string is deprecated in C:\xampp\htdocs\CSNExplore\index.php on line 927
[30-Apr-2026 20:20:05 Europe/Berlin] PHP Deprecated:  htmlspecialchars(): Passing null to parameter #1 ($string) of type string is deprecated in C:\xampp\htdocs\CSNExplore\index.php on line 927
[30-Apr-2026 20:20:05 Europe/Berlin] PHP Deprecated:  htmlspecialchars(): Passing null to parameter #1 ($string) of type string is deprecated in C:\xampp\htdocs\CSNExplore\index.php on line 927
[30-Apr-2026 20:20:05 Europe/Berlin] PHP Deprecated:  htmlspecialchars(): Passing null to parameter #1 ($string) of type string is deprecated in C:\xampp\htdocs\CSNExplore\index.php on line 927
[30-Apr-2026 20:20:05 Europe/Berlin] PHP Deprecated:  htmlspecialchars(): Passing null to parameter #1 ($string) of type string is deprecated in C:\xampp\htdocs\CSNExplore\index.php on line 927
[30-Apr-2026 20:20:07 Europe/Berlin] PHP Deprecated:  htmlspecialchars(): Passing null to parameter #1 ($string) of type string is deprecated in C:\xampp\htdocs\CSNExplore\index.php on line 927
[30-Apr-2026 20:20:07 Europe/Berlin] PHP Deprecated:  htmlspecialchars(): Passing null to parameter #1 ($string) of type string is deprecated in C:\xampp\htdocs\CSNExplore\index.php on line 927
[30-Apr-2026 20:20:07 Europe/Berlin] PHP Deprecated:  htmlspecialchars(): Passing null to parameter #1 ($string) of type string is deprecated in C:\xampp\htdocs\CSNExplore\index.php on line 927
[30-Apr-2026 20:20:07 Europe/Berlin] PHP Deprecated:  htmlspecialchars(): Passing null to parameter #1 ($string) of type string is deprecated in C:\xampp\htdocs\CSNExplore\index.php on line 927
[30-Apr-2026 20:20:07 Europe/Berlin] PHP Deprecated:  htmlspecialchars(): Passing null to parameter #1 ($string) of type string is deprecated in C:\xampp\htdocs\CSNExplore\index.php on line 927
[30-Apr-2026 20:20:07 Europe/Berlin] PHP Deprecated:  htmlspecialchars(): Passing null to parameter #1 ($string) of type string is deprecated in C:\xampp\htdocs\CSNExplore\index.php on line 927
[30-Apr-2026 20:20:07 Europe/Berlin] PHP Deprecated:  htmlspecialchars(): Passing null to parameter #1 ($string) of type string is deprecated in C:\xampp\htdocs\CSNExplore\index.php on line 927
[30-Apr-2026 20:20:07 Europe/Berlin] PHP Deprecated:  htmlspecialchars(): Passing null to parameter #1 ($string) of type string is deprecated in C:\xampp\htdocs\CSNExplore\index.php on line 927
[30-Apr-2026 20:20:07 Europe/Berlin] PHP Deprecated:  htmlspecialchars(): Passing null to parameter #1 ($string) of type string is deprecated in C:\xampp\htdocs\CSNExplore\index.php on line 927
[30-Apr-2026 20:20:07 Europe/Berlin] PHP Deprecated:  htmlspecialchars(): Passing null to parameter #1 ($string) of type string is deprecated in C:\xampp\htdocs\CSNExplore\index.php on line 927
[30-Apr-2026 20:20:07 Europe/Berlin] PHP Deprecated:  htmlspecialchars(): Passing null to parameter #1 ($string) of type string is deprecated in C:\xampp\htdocs\CSNExplore\index.php on line 927
[30-Apr-2026 20:20:07 Europe/Berlin] PHP Deprecated:  htmlspecialchars(): Passing null to parameter #1 ($string) of type string is deprecated in C:\xampp\htdocs\CSNExplore\index.php on line 927
[30-Apr-2026 20:20:13 Europe/Berlin] PHP Deprecated:  htmlspecialchars(): Passing null to parameter #1 ($string) of type string is deprecated in C:\xampp\htdocs\CSNExplore\index.php on line 927
[30-Apr-2026 20:20:13 Europe/Berlin] PHP Deprecated:  htmlspecialchars(): Passing null to parameter #1 ($string) of type string is deprecated in C:\xampp\htdocs\CSNExplore\index.php on line 927
[30-Apr-2026 20:20:13 Europe/Berlin] PHP Deprecated:  htmlspecialchars(): Passing null to parameter #1 ($string) of type string is deprecated in C:\xampp\htdocs\CSNExplore\index.php on line 927
[30-Apr-2026 20:20:13 Europe/Berlin] PHP Deprecated:  htmlspecialchars(): Passing null to parameter #1 ($string) of type string is deprecated in C:\xampp\htdocs\CSNExplore\index.php on line 927
[30-Apr-2026 20:20:13 Europe/Berlin] PHP Deprecated:  htmlspecialchars(): Passing null to parameter #1 ($string) of type string is deprecated in C:\xampp\htdocs\CSNExplore\index.php on line 927
[30-Apr-2026 20:20:13 Europe/Berlin] PHP Deprecated:  htmlspecialchars(): Passing null to parameter #1 ($string) of type string is deprecated in C:\xampp\htdocs\CSNExplore\index.php on line 927
[30-Apr-2026 20:20:13 Europe/Berlin] PHP Deprecated:  htmlspecialchars(): Passing null to parameter #1 ($string) of type string is deprecated in C:\xampp\htdocs\CSNExplore\index.php on line 927
[30-Apr-2026 20:20:13 Europe/Berlin] PHP Deprecated:  htmlspecialchars(): Passing null to parameter #1 ($string) of type string is deprecated in C:\xampp\htdocs\CSNExplore\index.php on line 927
[30-Apr-2026 20:20:13 Europe/Berlin] PHP Deprecated:  htmlspecialchars(): Passing null to parameter #1 ($string) of type string is deprecated in C:\xampp\htdocs\CSNExplore\index.php on line 927
[30-Apr-2026 20:20:13 Europe/Berlin] PHP Deprecated:  htmlspecialchars(): Passing null to parameter #1 ($string) of type string is deprecated in C:\xampp\htdocs\CSNExplore\index.php on line 927
[30-Apr-2026 20:20:13 Europe/Berlin] PHP Deprecated:  htmlspecialchars(): Passing null to parameter #1 ($string) of type string is deprecated in C:\xampp\htdocs\CSNExplore\index.php on line 927
[30-Apr-2026 20:20:13 Europe/Berlin] PHP Deprecated:  htmlspecialchars(): Passing null to parameter #1 ($string) of type string is deprecated in C:\xampp\htdocs\CSNExplore\index.php on line 927
[30-Apr-2026 20:20:15 Europe/Berlin] PHP Deprecated:  htmlspecialchars(): Passing null to parameter #1 ($string) of type string is deprecated in C:\xampp\htdocs\CSNExplore\index.php on line 927
[30-Apr-2026 20:20:15 Europe/Berlin] PHP Deprecated:  htmlspecialchars(): Passing null to parameter #1 ($string) of type string is deprecated in C:\xampp\htdocs\CSNExplore\index.php on line 927
[30-Apr-2026 20:20:15 Europe/Berlin] PHP Deprecated:  htmlspecialchars(): Passing null to parameter #1 ($string) of type string is deprecated in C:\xampp\htdocs\CSNExplore\index.php on line 927
[30-Apr-2026 20:20:15 Europe/Berlin] PHP Deprecated:  htmlspecialchars(): Passing null to parameter #1 ($string) of type string is deprecated in C:\xampp\htdocs\CSNExplore\index.php on line 927
[30-Apr-2026 20:20:15 Europe/Berlin] PHP Deprecated:  htmlspecialchars(): Passing null to parameter #1 ($string) of type string is deprecated in C:\xampp\htdocs\CSNExplore\index.php on line 927
[30-Apr-2026 20:20:15 Europe/Berlin] PHP Deprecated:  htmlspecialchars(): Passing null to parameter #1 ($string) of type string is deprecated in C:\xampp\htdocs\CSNExplore\index.php on line 927
[30-Apr-2026 20:20:15 Europe/Berlin] PHP Deprecated:  htmlspecialchars(): Passing null to parameter #1 ($string) of type string is deprecated in C:\xampp\htdocs\CSNExplore\index.php on line 927
[30-Apr-2026 20:20:15 Europe/Berlin] PHP Deprecated:  htmlspecialchars(): Passing null to parameter #1 ($string) of type string is deprecated in C:\xampp\htdocs\CSNExplore\index.php on line 927
[30-Apr-2026 20:20:15 Europe/Berlin] PHP Deprecated:  htmlspecialchars(): Passing null to parameter #1 ($string) of type string is deprecated in C:\xampp\htdocs\CSNExplore\index.php on line 927
[30-Apr-2026 20:20:15 Europe/Berlin] PHP Deprecated:  htmlspecialchars(): Passing null to parameter #1 ($string) of type string is deprecated in C:\xampp\htdocs\CSNExplore\index.php on line 927
[30-Apr-2026 20:20:15 Europe/Berlin] PHP Deprecated:  htmlspecialchars(): Passing null to parameter #1 ($string) of type string is deprecated in C:\xampp\htdocs\CSNExplore\index.php on line 927
[30-Apr-2026 20:20:15 Europe/Berlin] PHP Deprecated:  htmlspecialchars(): Passing null to parameter #1 ($string) of type string is deprecated in C:\xampp\htdocs\CSNExplore\index.php on line 927
[30-Apr-2026 20:20:17 Europe/Berlin] PHP Deprecated:  htmlspecialchars(): Passing null to parameter #1 ($string) of type string is deprecated in C:\xampp\htdocs\CSNExplore\index.php on line 927
[30-Apr-2026 20:20:17 Europe/Berlin] PHP Deprecated:  htmlspecialchars(): Passing null to parameter #1 ($string) of type string is deprecated in C:\xampp\htdocs\CSNExplore\index.php on line 927
[30-Apr-2026 20:20:17 Europe/Berlin] PHP Deprecated:  htmlspecialchars(): Passing null to parameter #1 ($string) of type string is deprecated in C:\xampp\htdocs\CSNExplore\index.php on line 927
[30-Apr-2026 20:20:17 Europe/Berlin] PHP Deprecated:  htmlspecialchars(): Passing null to parameter #1 ($string) of type string is deprecated in C:\xampp\htdocs\CSNExplore\index.php on line 927
[30-Apr-2026 20:20:17 Europe/Berlin] PHP Deprecated:  htmlspecialchars(): Passing null to parameter #1 ($string) of type string is deprecated in C:\xampp\htdocs\CSNExplore\index.php on line 927
[30-Apr-2026 20:20:17 Europe/Berlin] PHP Deprecated:  htmlspecialchars(): Passing null to parameter #1 ($string) of type string is deprecated in C:\xampp\htdocs\CSNExplore\index.php on line 927
[30-Apr-2026 20:20:17 Europe/Berlin] PHP Deprecated:  htmlspecialchars(): Passing null to parameter #1 ($string) of type string is deprecated in C:\xampp\htdocs\CSNExplore\index.php on line 927
[30-Apr-2026 20:20:17 Europe/Berlin] PHP Deprecated:  htmlspecialchars(): Passing null to parameter #1 ($string) of type string is deprecated in C:\xampp\htdocs\CSNExplore\index.php on line 927
[30-Apr-2026 20:20:17 Europe/Berlin] PHP Deprecated:  htmlspecialchars(): Passing null to parameter #1 ($string) of type string is deprecated in C:\xampp\htdocs\CSNExplore\index.php on line 927
[30-Apr-2026 20:20:17 Europe/Berlin] PHP Deprecated:  htmlspecialchars(): Passing null to parameter #1 ($string) of type string is deprecated in C:\xampp\htdocs\CSNExplore\index.php on line 927
[30-Apr-2026 20:20:17 Europe/Berlin] PHP Deprecated:  htmlspecialchars(): Passing null to parameter #1 ($string) of type string is deprecated in C:\xampp\htdocs\CSNExplore\index.php on line 927
[30-Apr-2026 20:20:17 Europe/Berlin] PHP Deprecated:  htmlspecialchars(): Passing null to parameter #1 ($string) of type string is deprecated in C:\xampp\htdocs\CSNExplore\index.php on line 927
[30-Apr-2026 20:20:19 Europe/Berlin] PHP Deprecated:  htmlspecialchars(): Passing null to parameter #1 ($string) of type string is deprecated in C:\xampp\htdocs\CSNExplore\index.php on line 927
[30-Apr-2026 20:20:19 Europe/Berlin] PHP Deprecated:  htmlspecialchars(): Passing null to parameter #1 ($string) of type string is deprecated in C:\xampp\htdocs\CSNExplore\index.php on line 927
[30-Apr-2026 20:20:19 Europe/Berlin] PHP Deprecated:  htmlspecialchars(): Passing null to parameter #1 ($string) of type string is deprecated in C:\xampp\htdocs\CSNExplore\index.php on line 927
[30-Apr-2026 20:20:19 Europe/Berlin] PHP Deprecated:  htmlspecialchars(): Passing null to parameter #1 ($string) of type string is deprecated in C:\xampp\htdocs\CSNExplore\index.php on line 927
[30-Apr-2026 20:20:19 Europe/Berlin] PHP Deprecated:  htmlspecialchars(): Passing null to parameter #1 ($string) of type string is deprecated in C:\xampp\htdocs\CSNExplore\index.php on line 927
[30-Apr-2026 20:20:19 Europe/Berlin] PHP Deprecated:  htmlspecialchars(): Passing null to parameter #1 ($string) of type string is deprecated in C:\xampp\htdocs\CSNExplore\index.php on line 927
[30-Apr-2026 20:20:19 Europe/Berlin] PHP Deprecated:  htmlspecialchars(): Passing null to parameter #1 ($string) of type string is deprecated in C:\xampp\htdocs\CSNExplore\index.php on line 927
[30-Apr-2026 20:20:19 Europe/Berlin] PHP Deprecated:  htmlspecialchars(): Passing null to parameter #1 ($string) of type string is deprecated in C:\xampp\htdocs\CSNExplore\index.php on line 927
[30-Apr-2026 20:20:19 Europe/Berlin] PHP Deprecated:  htmlspecialchars(): Passing null to parameter #1 ($string) of type string is deprecated in C:\xampp\htdocs\CSNExplore\index.php on line 927
[30-Apr-2026 20:20:19 Europe/Berlin] PHP Deprecated:  htmlspecialchars(): Passing null to parameter #1 ($string) of type string is deprecated in C:\xampp\htdocs\CSNExplore\index.php on line 927
[30-Apr-2026 20:20:19 Europe/Berlin] PHP Deprecated:  htmlspecialchars(): Passing null to parameter #1 ($string) of type string is deprecated in C:\xampp\htdocs\CSNExplore\index.php on line 927
[30-Apr-2026 20:20:19 Europe/Berlin] PHP Deprecated:  htmlspecialchars(): Passing null to parameter #1 ($string) of type string is deprecated in C:\xampp\htdocs\CSNExplore\index.php on line 927
[30-Apr-2026 20:21:07 Europe/Berlin] PHP Deprecated:  htmlspecialchars(): Passing null to parameter #1 ($string) of type string is deprecated in C:\xampp\htdocs\CSNExplore\index.php on line 927
[30-Apr-2026 20:21:07 Europe/Berlin] PHP Deprecated:  htmlspecialchars(): Passing null to parameter #1 ($string) of type string is deprecated in C:\xampp\htdocs\CSNExplore\index.php on line 927
[30-Apr-2026 20:21:07 Europe/Berlin] PHP Deprecated:  htmlspecialchars(): Passing null to parameter #1 ($string) of type string is deprecated in C:\xampp\htdocs\CSNExplore\index.php on line 927
[30-Apr-2026 20:21:07 Europe/Berlin] PHP Deprecated:  htmlspecialchars(): Passing null to parameter #1 ($string) of type string is deprecated in C:\xampp\htdocs\CSNExplore\index.php on line 927
[30-Apr-2026 20:21:07 Europe/Berlin] PHP Deprecated:  htmlspecialchars(): Passing null to parameter #1 ($string) of type string is deprecated in C:\xampp\htdocs\CSNExplore\index.php on line 927
[30-Apr-2026 20:21:07 Europe/Berlin] PHP Deprecated:  htmlspecialchars(): Passing null to parameter #1 ($string) of type string is deprecated in C:\xampp\htdocs\CSNExplore\index.php on line 927
[30-Apr-2026 20:21:07 Europe/Berlin] PHP Deprecated:  htmlspecialchars(): Passing null to parameter #1 ($string) of type string is deprecated in C:\xampp\htdocs\CSNExplore\index.php on line 927
[30-Apr-2026 20:21:07 Europe/Berlin] PHP Deprecated:  htmlspecialchars(): Passing null to parameter #1 ($string) of type string is deprecated in C:\xampp\htdocs\CSNExplore\index.php on line 927
[30-Apr-2026 20:21:07 Europe/Berlin] PHP Deprecated:  htmlspecialchars(): Passing null to parameter #1 ($string) of type string is deprecated in C:\xampp\htdocs\CSNExplore\index.php on line 927
[30-Apr-2026 20:21:07 Europe/Berlin] PHP Deprecated:  htmlspecialchars(): Passing null to parameter #1 ($string) of type string is deprecated in C:\xampp\htdocs\CSNExplore\index.php on line 927
[30-Apr-2026 20:21:07 Europe/Berlin] PHP Deprecated:  htmlspecialchars(): Passing null to parameter #1 ($string) of type string is deprecated in C:\xampp\htdocs\CSNExplore\index.php on line 927
[30-Apr-2026 20:21:07 Europe/Berlin] PHP Deprecated:  htmlspecialchars(): Passing null to parameter #1 ($string) of type string is deprecated in C:\xampp\htdocs\CSNExplore\index.php on line 927
[30-Apr-2026 20:21:27 Europe/Berlin] PHP Deprecated:  htmlspecialchars(): Passing null to parameter #1 ($string) of type string is deprecated in C:\xampp\htdocs\CSNExplore\index.php on line 927
[30-Apr-2026 20:21:27 Europe/Berlin] PHP Deprecated:  htmlspecialchars(): Passing null to parameter #1 ($string) of type string is deprecated in C:\xampp\htdocs\CSNExplore\index.php on line 927
[30-Apr-2026 20:21:27 Europe/Berlin] PHP Deprecated:  htmlspecialchars(): Passing null to parameter #1 ($string) of type string is deprecated in C:\xampp\htdocs\CSNExplore\index.php on line 927
[30-Apr-2026 20:21:27 Europe/Berlin] PHP Deprecated:  htmlspecialchars(): Passing null to parameter #1 ($string) of type string is deprecated in C:\xampp\htdocs\CSNExplore\index.php on line 927
[30-Apr-2026 20:21:27 Europe/Berlin] PHP Deprecated:  htmlspecialchars(): Passing null to parameter #1 ($string) of type string is deprecated in C:\xampp\htdocs\CSNExplore\index.php on line 927
[30-Apr-2026 20:21:27 Europe/Berlin] PHP Deprecated:  htmlspecialchars(): Passing null to parameter #1 ($string) of type string is deprecated in C:\xampp\htdocs\CSNExplore\index.php on line 927
[30-Apr-2026 20:21:27 Europe/Berlin] PHP Deprecated:  htmlspecialchars(): Passing null to parameter #1 ($string) of type string is deprecated in C:\xampp\htdocs\CSNExplore\index.php on line 927
[30-Apr-2026 20:21:27 Europe/Berlin] PHP Deprecated:  htmlspecialchars(): Passing null to parameter #1 ($string) of type string is deprecated in C:\xampp\htdocs\CSNExplore\index.php on line 927
[30-Apr-2026 20:21:27 Europe/Berlin] PHP Deprecated:  htmlspecialchars(): Passing null to parameter #1 ($string) of type string is deprecated in C:\xampp\htdocs\CSNExplore\index.php on line 927
[30-Apr-2026 20:21:27 Europe/Berlin] PHP Deprecated:  htmlspecialchars(): Passing null to parameter #1 ($string) of type string is deprecated in C:\xampp\htdocs\CSNExplore\index.php on line 927
[30-Apr-2026 20:21:27 Europe/Berlin] PHP Deprecated:  htmlspecialchars(): Passing null to parameter #1 ($string) of type string is deprecated in C:\xampp\htdocs\CSNExplore\index.php on line 927
[30-Apr-2026 20:21:27 Europe/Berlin] PHP Deprecated:  htmlspecialchars(): Passing null to parameter #1 ($string) of type string is deprecated in C:\xampp\htdocs\CSNExplore\index.php on line 927
[30-Apr-2026 20:21:42 Europe/Berlin] PHP Deprecated:  htmlspecialchars(): Passing null to parameter #1 ($string) of type string is deprecated in C:\xampp\htdocs\CSNExplore\index.php on line 927
[30-Apr-2026 20:21:42 Europe/Berlin] PHP Deprecated:  htmlspecialchars(): Passing null to parameter #1 ($string) of type string is deprecated in C:\xampp\htdocs\CSNExplore\index.php on line 927
[30-Apr-2026 20:21:42 Europe/Berlin] PHP Deprecated:  htmlspecialchars(): Passing null to parameter #1 ($string) of type string is deprecated in C:\xampp\htdocs\CSNExplore\index.php on line 927
[30-Apr-2026 20:21:42 Europe/Berlin] PHP Deprecated:  htmlspecialchars(): Passing null to parameter #1 ($string) of type string is deprecated in C:\xampp\htdocs\CSNExplore\index.php on line 927
[30-Apr-2026 20:21:42 Europe/Berlin] PHP Deprecated:  htmlspecialchars(): Passing null to parameter #1 ($string) of type string is deprecated in C:\xampp\htdocs\CSNExplore\index.php on line 927
[30-Apr-2026 20:21:42 Europe/Berlin] PHP Deprecated:  htmlspecialchars(): Passing null to parameter #1 ($string) of type string is deprecated in C:\xampp\htdocs\CSNExplore\index.php on line 927
[30-Apr-2026 20:21:42 Europe/Berlin] PHP Deprecated:  htmlspecialchars(): Passing null to parameter #1 ($string) of type string is deprecated in C:\xampp\htdocs\CSNExplore\index.php on line 927
[30-Apr-2026 20:21:42 Europe/Berlin] PHP Deprecated:  htmlspecialchars(): Passing null to parameter #1 ($string) of type string is deprecated in C:\xampp\htdocs\CSNExplore\index.php on line 927
[30-Apr-2026 20:21:42 Europe/Berlin] PHP Deprecated:  htmlspecialchars(): Passing null to parameter #1 ($string) of type string is deprecated in C:\xampp\htdocs\CSNExplore\index.php on line 927
[30-Apr-2026 20:21:42 Europe/Berlin] PHP Deprecated:  htmlspecialchars(): Passing null to parameter #1 ($string) of type string is deprecated in C:\xampp\htdocs\CSNExplore\index.php on line 927
[30-Apr-2026 20:21:42 Europe/Berlin] PHP Deprecated:  htmlspecialchars(): Passing null to parameter #1 ($string) of type string is deprecated in C:\xampp\htdocs\CSNExplore\index.php on line 927
[30-Apr-2026 20:21:42 Europe/Berlin] PHP Deprecated:  htmlspecialchars(): Passing null to parameter #1 ($string) of type string is deprecated in C:\xampp\htdocs\CSNExplore\index.php on line 927
[30-Apr-2026 20:21:50 Europe/Berlin] PHP Deprecated:  htmlspecialchars(): Passing null to parameter #1 ($string) of type string is deprecated in C:\xampp\htdocs\CSNExplore\index.php on line 927
[30-Apr-2026 20:21:50 Europe/Berlin] PHP Deprecated:  htmlspecialchars(): Passing null to parameter #1 ($string) of type string is deprecated in C:\xampp\htdocs\CSNExplore\index.php on line 927
[30-Apr-2026 20:21:50 Europe/Berlin] PHP Deprecated:  htmlspecialchars(): Passing null to parameter #1 ($string) of type string is deprecated in C:\xampp\htdocs\CSNExplore\index.php on line 927
[30-Apr-2026 20:21:50 Europe/Berlin] PHP Deprecated:  htmlspecialchars(): Passing null to parameter #1 ($string) of type string is deprecated in C:\xampp\htdocs\CSNExplore\index.php on line 927
[30-Apr-2026 20:21:50 Europe/Berlin] PHP Deprecated:  htmlspecialchars(): Passing null to parameter #1 ($string) of type string is deprecated in C:\xampp\htdocs\CSNExplore\index.php on line 927
[30-Apr-2026 20:21:50 Europe/Berlin] PHP Deprecated:  htmlspecialchars(): Passing null to parameter #1 ($string) of type string is deprecated in C:\xampp\htdocs\CSNExplore\index.php on line 927
[30-Apr-2026 20:21:50 Europe/Berlin] PHP Deprecated:  htmlspecialchars(): Passing null to parameter #1 ($string) of type string is deprecated in C:\xampp\htdocs\CSNExplore\index.php on line 927
[30-Apr-2026 20:21:50 Europe/Berlin] PHP Deprecated:  htmlspecialchars(): Passing null to parameter #1 ($string) of type string is deprecated in C:\xampp\htdocs\CSNExplore\index.php on line 927
[30-Apr-2026 20:21:50 Europe/Berlin] PHP Deprecated:  htmlspecialchars(): Passing null to parameter #1 ($string) of type string is deprecated in C:\xampp\htdocs\CSNExplore\index.php on line 927
[30-Apr-2026 20:21:50 Europe/Berlin] PHP Deprecated:  htmlspecialchars(): Passing null to parameter #1 ($string) of type string is deprecated in C:\xampp\htdocs\CSNExplore\index.php on line 927
[30-Apr-2026 20:21:50 Europe/Berlin] PHP Deprecated:  htmlspecialchars(): Passing null to parameter #1 ($string) of type string is deprecated in C:\xampp\htdocs\CSNExplore\index.php on line 927
[30-Apr-2026 20:21:50 Europe/Berlin] PHP Deprecated:  htmlspecialchars(): Passing null to parameter #1 ($string) of type string is deprecated in C:\xampp\htdocs\CSNExplore\index.php on line 927
[30-Apr-2026 20:44:28 Europe/Berlin] Login attempt: omkeshadmin with pass: omkeshAa.1@
[30-Apr-2026 20:44:30 Europe/Berlin] Database credentials missing in environment variables
[30-Apr-2026 20:44:30 Europe/Berlin] Bookings error: Database configuration error. Please check environment variables.
[30-Apr-2026 20:44:32 Europe/Berlin] [Settings API] Cache cleared successfully
[30-Apr-2026 20:44:32 Europe/Berlin] [Settings API] Settings updated successfully
[30-Apr-2026 20:44:38 Europe/Berlin] PHP Deprecated:  htmlspecialchars(): Passing null to parameter #1 ($string) of type string is deprecated in C:\xampp\htdocs\CSNExplore\index.php on line 927
[30-Apr-2026 20:44:38 Europe/Berlin] PHP Deprecated:  htmlspecialchars(): Passing null to parameter #1 ($string) of type string is deprecated in C:\xampp\htdocs\CSNExplore\index.php on line 927
[30-Apr-2026 20:44:38 Europe/Berlin] PHP Deprecated:  htmlspecialchars(): Passing null to parameter #1 ($string) of type string is deprecated in C:\xampp\htdocs\CSNExplore\index.php on line 927
[30-Apr-2026 20:44:38 Europe/Berlin] PHP Deprecated:  htmlspecialchars(): Passing null to parameter #1 ($string) of type string is deprecated in C:\xampp\htdocs\CSNExplore\index.php on line 927
[30-Apr-2026 20:44:38 Europe/Berlin] PHP Deprecated:  htmlspecialchars(): Passing null to parameter #1 ($string) of type string is deprecated in C:\xampp\htdocs\CSNExplore\index.php on line 927
[30-Apr-2026 20:44:38 Europe/Berlin] PHP Deprecated:  htmlspecialchars(): Passing null to parameter #1 ($string) of type string is deprecated in C:\xampp\htdocs\CSNExplore\index.php on line 927
[30-Apr-2026 20:44:38 Europe/Berlin] PHP Deprecated:  htmlspecialchars(): Passing null to parameter #1 ($string) of type string is deprecated in C:\xampp\htdocs\CSNExplore\index.php on line 927
[30-Apr-2026 20:44:38 Europe/Berlin] PHP Deprecated:  htmlspecialchars(): Passing null to parameter #1 ($string) of type string is deprecated in C:\xampp\htdocs\CSNExplore\index.php on line 927
[30-Apr-2026 20:44:38 Europe/Berlin] PHP Deprecated:  htmlspecialchars(): Passing null to parameter #1 ($string) of type string is deprecated in C:\xampp\htdocs\CSNExplore\index.php on line 927
[30-Apr-2026 20:44:38 Europe/Berlin] PHP Deprecated:  htmlspecialchars(): Passing null to parameter #1 ($string) of type string is deprecated in C:\xampp\htdocs\CSNExplore\index.php on line 927
[30-Apr-2026 20:44:38 Europe/Berlin] PHP Deprecated:  htmlspecialchars(): Passing null to parameter #1 ($string) of type string is deprecated in C:\xampp\htdocs\CSNExplore\index.php on line 927
[30-Apr-2026 20:44:38 Europe/Berlin] PHP Deprecated:  htmlspecialchars(): Passing null to parameter #1 ($string) of type string is deprecated in C:\xampp\htdocs\CSNExplore\index.php on line 927
