2026-04-19 18:06:47 - Request: type=stays, exclude=1
2026-04-19 18:12:34 - Request: type=stays, exclude=3
2026-04-19 18:12:45 - Request: type=stays, exclude=2
2026-04-19 18:42:29 - Request: type=stays, exclude=2
2026-04-19 18:42:45 - Request: type=cars, exclude=5
2026-04-19 18:43:43 - Request: type=stays, exclude=3
2026-04-19 18:43:52 - Request: type=stays, exclude=3
2026-04-19 18:44:03 - Request: type=stays, exclude=3
2026-04-19 18:44:10 - Request: type=stays, exclude=3
2026-04-19 18:50:50 - Request: type=stays, exclude=3
2026-04-19 18:53:12 - Request: type=bikes, exclude=19
2026-04-19 18:53:39 - Request: type=bikes, exclude=13
2026-04-19 18:53:52 - Request: type=stays, exclude=3
2026-04-19 18:55:13 - Request: type=bikes, exclude=17
2026-04-19 18:58:32 - Request: type=bikes, exclude=17
2026-04-19 18:58:39 - Request: type=stays, exclude=3
2026-04-19 18:59:24 - Request: type=stays, exclude=3
2026-04-19 19:04:16 - Request: type=stays, exclude=3
2026-04-19 19:04:19 - Request: type=stays, exclude=3
2026-04-19 19:04:20 - Request: type=stays, exclude=3
2026-04-19 19:04:20 - Request: type=stays, exclude=3
2026-04-19 19:04:29 - Request: type=stays, exclude=3
2026-04-19 19:04:30 - Request: type=stays, exclude=3
2026-04-19 19:05:01 - Request: type=stays, exclude=3
2026-04-19 19:08:10 - Request: type=attractions, exclude=4
2026-04-19 20:15:40 - Request: type=stays, exclude=3
2026-04-19 20:15:49 - Request: type=stays, exclude=3
2026-04-19 20:19:51 - Request: type=cars, exclude=1
2026-04-19 20:20:17 - Request: type=cars, exclude=1
2026-04-19 20:20:46 - Request: type=cars, exclude=1
2026-04-19 20:21:12 - Request: type=cars, exclude=1
2026-04-19 20:22:18 - Request: type=cars, exclude=1
2026-04-19 20:22:42 - Request: type=cars, exclude=1
2026-04-19 20:23:17 - Request: type=cars, exclude=1
2026-04-19 20:23:48 - Request: type=cars, exclude=1
2026-04-19 20:35:02 - Request: type=cars, exclude=1
2026-04-19 20:35:31 - Request: type=cars, exclude=1
2026-04-19 20:36:19 - Request: type=cars, exclude=1
2026-04-19 20:37:06 - Request: type=cars, exclude=1
2026-04-19 20:37:34 - Request: type=cars, exclude=1
2026-04-19 20:38:12 - Request: type=cars, exclude=1
2026-04-19 20:38:56 - Request: type=cars, exclude=1
2026-04-19 21:36:44 - Request: type=stays, exclude=1
2026-04-19 21:37:43 - Request: type=stays, exclude=1
2026-04-19 21:38:10 - Request: type=stays, exclude=1
2026-04-19 21:40:17 - Request: type=stays, exclude=1
2026-04-19 21:44:56 - Request: type=stays, exclude=1
2026-04-19 21:47:03 - Request: type=stays, exclude=1
2026-04-19 21:47:39 - Request: type=stays, exclude=1
2026-04-19 21:48:35 - Request: type=stays, exclude=1
2026-04-19 21:49:50 - Request: type=stays, exclude=1
2026-04-19 21:55:43 - Request: type=stays, exclude=1
2026-04-19 21:59:39 - Request: type=stays, exclude=1
2026-04-19 22:00:43 - Request: type=stays, exclude=1
2026-04-19 22:00:51 - Request: type=stays, exclude=1
2026-04-19 22:01:03 - Request: type=stays, exclude=1
2026-04-19 22:07:58 - Request: type=stays, exclude=1
2026-04-19 22:08:46 - Request: type=stays, exclude=1
2026-04-19 22:09:28 - Request: type=stays, exclude=1
2026-04-19 22:12:30 - Request: type=stays, exclude=1
2026-04-19 22:14:54 - Request: type=stays, exclude=1
2026-04-19 22:21:19 - Request: type=stays, exclude=1
2026-04-19 22:26:18 - Request: type=attractions, exclude=8
2026-04-19 22:26:39 - Request: type=stays, exclude=1
2026-04-19 22:53:53 - Request: type=buses, exclude=2
2026-04-19 23:16:33 - Request: type=stays, exclude=1
2026-04-19 23:17:36 - Request: type=stays, exclude=1
2026-04-19 23:21:43 - Request: type=attractions, exclude=3
2026-04-19 23:22:06 - Request: type=stays, exclude=3
2026-04-19 23:25:58 - Request: type=attractions, exclude=3
2026-04-19 23:30:06 - Request: type=attractions, exclude=3
2026-04-19 23:34:49 - Request: type=attractions, exclude=2
2026-04-19 23:38:41 - Request: type=attractions, exclude=2
2026-04-19 23:43:02 - Request: type=cars, exclude=1
2026-04-20 00:01:05 - Request: type=restaurants, exclude=1
2026-04-20 00:05:39 - Request: type=restaurants, exclude=1
2026-04-20 10:27:40 - Request: type=cars, exclude=1
2026-04-20 10:41:25 - Request: type=cars, exclude=1
2026-04-20 10:41:43 - Request: type=cars, exclude=1
2026-04-20 10:42:55 - Request: type=cars, exclude=1
2026-04-20 10:53:03 - Request: type=bikes, exclude=1
2026-04-20 10:54:02 - Request: type=bikes, exclude=1
2026-04-20 10:54:06 - Request: type=cars, exclude=1
2026-04-20 10:54:11 - Request: type=cars, exclude=3
2026-04-20 11:03:09 - Request: type=cars, exclude=3
2026-04-20 11:04:24 - Request: type=cars, exclude=3
2026-04-20 11:05:00 - Request: type=cars, exclude=3
2026-04-20 11:05:02 - Request: type=cars, exclude=2
2026-04-20 11:05:20 - Request: type=attractions, exclude=1
2026-04-20 11:11:19 - Request: type=bikes, exclude=1
2026-04-20 11:20:01 - Request: type=bikes, exclude=1
2026-04-20 11:20:49 - Request: type=bikes, exclude=1
2026-04-20 11:21:00 - Request: type=bikes, exclude=1
2026-04-20 11:27:24 - Request: type=bikes, exclude=1
2026-04-20 11:30:37 - Request: type=cars, exclude=1
2026-04-20 11:30:54 - Request: type=bikes, exclude=1
2026-04-20 11:34:35 - Request: type=bikes, exclude=1
2026-04-20 11:34:54 - Request: type=stays, exclude=2
2026-04-20 11:43:14 - Request: type=stays, exclude=2
2026-04-20 11:43:41 - Request: type=cars, exclude=1
2026-04-20 11:43:55 - Request: type=bikes, exclude=1
2026-04-21 10:03:50 - Request: type=cars, exclude=5
2026-04-21 12:41:51 - Request: type=cars, exclude=1
2026-04-21 12:52:01 - Request: type=bikes, exclude=8
2026-04-22 12:59:20 - Request: type=bikes, exclude=8
2026-04-22 12:59:24 - Request: type=bikes, exclude=9
2026-04-22 12:59:33 - Request: type=bikes, exclude=4
2026-04-22 13:00:04 - Request: type=bikes, exclude=1
2026-04-22 13:13:42 - Request: type=cars, exclude=1
2026-04-22 13:15:59 - Request: type=cars, exclude=2
2026-04-22 13:20:34 - Request: type=cars, exclude=2
2026-04-22 13:20:47 - Request: type=cars, exclude=2
2026-04-22 13:22:14 - Request: type=cars, exclude=2
2026-04-22 13:31:43 - Request: type=cars, exclude=2
2026-04-22 13:33:38 - Request: type=cars, exclude=2
2026-04-22 13:33:40 - Request: type=cars, exclude=1
2026-04-22 13:45:03 - Request: type=cars, exclude=1
2026-04-22 13:45:09 - Request: type=cars, exclude=2
2026-04-22 13:45:12 - Request: type=cars, exclude=1
2026-04-22 13:45:15 - Request: type=bikes, exclude=1
2026-04-22 13:45:51 - Request: type=bikes, exclude=2
2026-04-22 13:46:16 - Request: type=bikes, exclude=5
2026-04-22 13:46:26 - Request: type=stays, exclude=2
2026-04-22 13:47:27 - Request: type=bikes, exclude=4
